<?xml version="1.0" encoding="UTF-8"?>
<!-- Generated by org.testng.reporters.JUnitReportReporter -->
<testsuite hostname="DESKTOP-9TVOBL3" failures="0" tests="5" name="testCases.TC002_SearchPage_ResultsTest" time="48.928" errors="0" timestamp="2025-04-03T12:34:14 CST" skipped="0">
  <testcase classname="testCases.TC002_SearchPage_ResultsTest" name="searchTest" time="16.509"/>
  <testcase classname="testCases.TC002_SearchPage_ResultsTest" name="searchTest" time="6.728"/>
  <testcase classname="testCases.TC002_SearchPage_ResultsTest" name="searchTest" time="9.761"/>
  <testcase classname="testCases.TC002_SearchPage_ResultsTest" name="searchTest" time="7.751"/>
  <testcase classname="testCases.TC002_SearchPage_ResultsTest" name="searchTest" time="8.179"/>
</testsuite> <!-- testCases.TC002_SearchPage_ResultsTest -->
